Using 384 processes and  threads per process


 NAS Parallel Benchmarks (NPB3.3-MZ-MPI) - BT-MZ MPI+OpenMP Benchmark

 Number of zones:  32 x  32
 Iterations: 250    dt:   0.000020
 Number of active processes:    16

 Use the default load factors with threads
 Total number of threads:    384  ( 24.0 threads/process)

 Calculated speedup =    383.92

 Time step    1
 Time step   20
 Time step   40
 Time step   60
 Time step   80
 Time step  100
 Time step  120
 Time step  140
 Time step  160
 Time step  180
 Time step  200
 Time step  220
 Time step  240
 Verification being performed for class D
 accuracy setting for epsilon =  0.1000000000000E-07
 Comparison of RMS-norms of residual
           1 0.4250417034981E+08 0.4250417034981E+08 0.1945725418123E-13
           2 0.4293882192175E+07 0.4293882192175E+07 0.1043266066327E-12
           3 0.9121841878270E+07 0.9121841878270E+07 0.3307977908434E-13
           4 0.6201357771439E+07 0.6201357771439E+07 0.1201443437313E-13
           5 0.3474801891304E+08 0.3474801891304E+08 0.4652858033658E-13
 Comparison of RMS-norms of solution error
           1 0.9462418484583E+06 0.9462418484583E+06 0.2079192483487E-13
           2 0.7884728947105E+05 0.7884728947105E+05 0.2214698614396E-13
           3 0.1902874461259E+06 0.1902874461259E+06 0.1237338527520E-12
           4 0.1361858029909E+06 0.1361858029909E+06 0.6475315660458E-13
           5 0.9816489456253E+06 0.9816489456253E+06 0.4565776706949E-13
 Verification Successful


 BT-MZ Benchmark Completed.
 Class           =                        D
 Size            =           1632x 1216x 34
 Iterations      =                      250
 Time in seconds =                    71.78
 Total processes =                       16
 Total threads   =                      384
 Mop/s total     =                717380.98
 Mop/s/thread    =                  1868.18
 Operation type  =           floating point
 Verification    =               SUCCESSFUL
 Version         =                    3.3.1
 Compile date    =              29 Mar 2023

 Compile options:
    F77          = mpiifort
    FLINK        = $(F77)
    F_LIB        = (none)
    F_INC        = (none)
    FFLAGS       = -O3 -qopenmp
    FLINKFLAGS   = -O3 -qopenmp
    RAND         = (none)


 Please send all errors/feedbacks to:

 NPB Development Team
 npb@nas.nasa.gov




 NAS Parallel Benchmarks (NPB3.3-MZ-MPI) - BT-MZ MPI+OpenMP Benchmark

 Number of zones:  32 x  32
 Iterations: 250    dt:   0.000020
 Number of active processes:    24

 Use the default load factors with threads
 Total number of threads:    384  ( 16.0 threads/process)

 Calculated speedup =    383.26

 Time step    1
 Time step   20
 Time step   40
 Time step   60
 Time step   80
 Time step  100
 Time step  120
 Time step  140
 Time step  160
 Time step  180
 Time step  200
 Time step  220
 Time step  240
 Verification being performed for class D
 accuracy setting for epsilon =  0.1000000000000E-07
 Comparison of RMS-norms of residual
           1 0.4250417034981E+08 0.4250417034981E+08 0.1963254475944E-13
           2 0.4293882192175E+07 0.4293882192175E+07 0.1045435018647E-12
           3 0.9121841878270E+07 0.9121841878270E+07 0.3307977908434E-13
           4 0.6201357771439E+07 0.6201357771439E+07 0.1246497566212E-13
           5 0.3474801891304E+08 0.3474801891304E+08 0.4652858033658E-13
 Comparison of RMS-norms of solution error
           1 0.9462418484583E+06 0.9462418484583E+06 0.2079192483487E-13
           2 0.7884728947105E+05 0.7884728947105E+05 0.2233154436182E-13
           3 0.1902874461259E+06 0.1902874461259E+06 0.1234279594201E-12
           4 0.1361858029909E+06 0.1361858029909E+06 0.6496686339205E-13
           5 0.9816489456253E+06 0.9816489456253E+06 0.4565776706949E-13
 Verification Successful


 BT-MZ Benchmark Completed.
 Class           =                        D
 Size            =           1632x 1216x 34
 Iterations      =                      250
 Time in seconds =                    55.65
 Total processes =                       24
 Total threads   =                      384
 Mop/s total     =                925371.36
 Mop/s/thread    =                  2409.82
 Operation type  =           floating point
 Verification    =               SUCCESSFUL
 Version         =                    3.3.1
 Compile date    =              29 Mar 2023

 Compile options:
    F77          = mpiifort
    FLINK        = $(F77)
    F_LIB        = (none)
    F_INC        = (none)
    FFLAGS       = -O3 -qopenmp
    FLINKFLAGS   = -O3 -qopenmp
    RAND         = (none)


 Please send all errors/feedbacks to:

 NPB Development Team
 npb@nas.nasa.gov




 NAS Parallel Benchmarks (NPB3.3-MZ-MPI) - BT-MZ MPI+OpenMP Benchmark

 Number of zones:  32 x  32
 Iterations: 250    dt:   0.000020
 Number of active processes:    32

 Use the default load factors with threads
 Total number of threads:    384  ( 12.0 threads/process)

 Calculated speedup =    383.75

 Time step    1
 Time step   20
 Time step   40
 Time step   60
 Time step   80
 Time step  100
 Time step  120
 Time step  140
 Time step  160
 Time step  180
 Time step  200
 Time step  220
 Time step  240
 Verification being performed for class D
 accuracy setting for epsilon =  0.1000000000000E-07
 Comparison of RMS-norms of residual
           1 0.4250417034981E+08 0.4250417034981E+08 0.1963254475944E-13
           2 0.4293882192175E+07 0.4293882192175E+07 0.1045435018647E-12
           3 0.9121841878270E+07 0.9121841878270E+07 0.3307977908434E-13
           4 0.6201357771439E+07 0.6201357771439E+07 0.1231479523246E-13
           5 0.3474801891304E+08 0.3474801891304E+08 0.4652858033658E-13
 Comparison of RMS-norms of solution error
           1 0.9462418484583E+06 0.9462418484583E+06 0.2079192483487E-13
           2 0.7884728947105E+05 0.7884728947105E+05 0.2214698614396E-13
           3 0.1902874461259E+06 0.1902874461259E+06 0.1237338527520E-12
           4 0.1361858029909E+06 0.1361858029909E+06 0.6496686339205E-13
           5 0.9816489456253E+06 0.9816489456253E+06 0.4565776706949E-13
 Verification Successful


 BT-MZ Benchmark Completed.
 Class           =                        D
 Size            =           1632x 1216x 34
 Iterations      =                      250
 Time in seconds =                    54.77
 Total processes =                       32
 Total threads   =                      384
 Mop/s total     =                940310.18
 Mop/s/thread    =                  2448.72
 Operation type  =           floating point
 Verification    =               SUCCESSFUL
 Version         =                    3.3.1
 Compile date    =              29 Mar 2023

 Compile options:
    F77          = mpiifort
    FLINK        = $(F77)
    F_LIB        = (none)
    F_INC        = (none)
    FFLAGS       = -O3 -qopenmp
    FLINKFLAGS   = -O3 -qopenmp
    RAND         = (none)


 Please send all errors/feedbacks to:

 NPB Development Team
 npb@nas.nasa.gov




 NAS Parallel Benchmarks (NPB3.3-MZ-MPI) - BT-MZ MPI+OpenMP Benchmark

 Number of zones:  32 x  32
 Iterations: 250    dt:   0.000020
 Number of active processes:    48

 Use the default load factors with threads
 Total number of threads:    384  (  8.0 threads/process)

 Calculated speedup =    381.46

 Time step    1
 Time step   20
 Time step   40
 Time step   60
 Time step   80
 Time step  100
 Time step  120
 Time step  140
 Time step  160
 Time step  180
 Time step  200
 Time step  220
 Time step  240
 Verification being performed for class D
 accuracy setting for epsilon =  0.1000000000000E-07
 Comparison of RMS-norms of residual
           1 0.4250417034981E+08 0.4250417034981E+08 0.1945725418123E-13
           2 0.4293882192175E+07 0.4293882192175E+07 0.1047603970968E-12
           3 0.9121841878270E+07 0.9121841878270E+07 0.3307977908434E-13
           4 0.6201357771439E+07 0.6201357771439E+07 0.1216461480279E-13
           5 0.3474801891304E+08 0.3474801891304E+08 0.4674299775749E-13
 Comparison of RMS-norms of solution error
           1 0.9462418484583E+06 0.9462418484583E+06 0.2079192483487E-13
           2 0.7884728947105E+05 0.7884728947105E+05 0.2214698614396E-13
           3 0.1902874461259E+06 0.1902874461259E+06 0.1235809060861E-12
           4 0.1361858029909E+06 0.1361858029909E+06 0.6496686339205E-13
           5 0.9816489456253E+06 0.9816489456253E+06 0.4565776706949E-13
 Verification Successful


 BT-MZ Benchmark Completed.
 Class           =                        D
 Size            =           1632x 1216x 34
 Iterations      =                      250
 Time in seconds =                    49.60
 Total processes =                       48
 Total threads   =                      384
 Mop/s total     =               1038163.49
 Mop/s/thread    =                  2703.55
 Operation type  =           floating point
 Verification    =               SUCCESSFUL
 Version         =                    3.3.1
 Compile date    =              29 Mar 2023

 Compile options:
    F77          = mpiifort
    FLINK        = $(F77)
    F_LIB        = (none)
    F_INC        = (none)
    FFLAGS       = -O3 -qopenmp
    FLINKFLAGS   = -O3 -qopenmp
    RAND         = (none)


 Please send all errors/feedbacks to:

 NPB Development Team
 npb@nas.nasa.gov




 NAS Parallel Benchmarks (NPB3.3-MZ-MPI) - BT-MZ MPI+OpenMP Benchmark

 Number of zones:  32 x  32
 Iterations: 250    dt:   0.000020
 Number of active processes:    64

 Use the default load factors with threads
 Total number of threads:    384  (  6.0 threads/process)

 Calculated speedup =    383.28

 Time step    1
 Time step   20
 Time step   40
 Time step   60
 Time step   80
 Time step  100
 Time step  120
 Time step  140
 Time step  160
 Time step  180
 Time step  200
 Time step  220
 Time step  240
 Verification being performed for class D
 accuracy setting for epsilon =  0.1000000000000E-07
 Comparison of RMS-norms of residual
           1 0.4250417034981E+08 0.4250417034981E+08 0.1945725418123E-13
           2 0.4293882192175E+07 0.4293882192175E+07 0.1047603970968E-12
           3 0.9121841878270E+07 0.9121841878270E+07 0.3328397525152E-13
           4 0.6201357771439E+07 0.6201357771439E+07 0.1216461480279E-13
           5 0.3474801891304E+08 0.3474801891304E+08 0.4674299775749E-13
 Comparison of RMS-norms of solution error
           1 0.9462418484583E+06 0.9462418484583E+06 0.2079192483487E-13
           2 0.7884728947105E+05 0.7884728947105E+05 0.2214698614396E-13
           3 0.1902874461259E+06 0.1902874461259E+06 0.1235809060861E-12
           4 0.1361858029909E+06 0.1361858029909E+06 0.6475315660458E-13
           5 0.9816489456253E+06 0.9816489456253E+06 0.4565776706949E-13
 Verification Successful


 BT-MZ Benchmark Completed.
 Class           =                        D
 Size            =           1632x 1216x 34
 Iterations      =                      250
 Time in seconds =                    52.88
 Total processes =                       64
 Total threads   =                      384
 Mop/s total     =                973758.81
 Mop/s/thread    =                  2535.83
 Operation type  =           floating point
 Verification    =               SUCCESSFUL
 Version         =                    3.3.1
 Compile date    =              29 Mar 2023

 Compile options:
    F77          = mpiifort
    FLINK        = $(F77)
    F_LIB        = (none)
    F_INC        = (none)
    FFLAGS       = -O3 -qopenmp
    FLINKFLAGS   = -O3 -qopenmp
    RAND         = (none)


 Please send all errors/feedbacks to:

 NPB Development Team
 npb@nas.nasa.gov




 NAS Parallel Benchmarks (NPB3.3-MZ-MPI) - BT-MZ MPI+OpenMP Benchmark

 Number of zones:  32 x  32
 Iterations: 250    dt:   0.000020
 Number of active processes:    96

 Use the default load factors with threads
 Total number of threads:    384  (  4.0 threads/process)

 Calculated speedup =    380.72

 Time step    1
 Time step   20
 Time step   40
 Time step   60
 Time step   80
 Time step  100
 Time step  120
 Time step  140
 Time step  160
 Time step  180
 Time step  200
 Time step  220
 Time step  240
 Verification being performed for class D
 accuracy setting for epsilon =  0.1000000000000E-07
 Comparison of RMS-norms of residual
           1 0.4250417034981E+08 0.4250417034981E+08 0.1963254475944E-13
           2 0.4293882192175E+07 0.4293882192175E+07 0.1045435018647E-12
           3 0.9121841878270E+07 0.9121841878270E+07 0.3328397525152E-13
           4 0.6201357771439E+07 0.6201357771439E+07 0.1216461480279E-13
           5 0.3474801891304E+08 0.3474801891304E+08 0.4674299775749E-13
 Comparison of RMS-norms of solution error
           1 0.9462418484583E+06 0.9462418484583E+06 0.2066889569383E-13
           2 0.7884728947105E+05 0.7884728947105E+05 0.2214698614396E-13
           3 0.1902874461259E+06 0.1902874461259E+06 0.1235809060861E-12
           4 0.1361858029909E+06 0.1361858029909E+06 0.6496686339205E-13
           5 0.9816489456253E+06 0.9816489456253E+06 0.4565776706949E-13
 Verification Successful


 BT-MZ Benchmark Completed.
 Class           =                        D
 Size            =           1632x 1216x 34
 Iterations      =                      250
 Time in seconds =                    49.04
 Total processes =                       96
 Total threads   =                      384
 Mop/s total     =               1050090.19
 Mop/s/thread    =                  2734.61
 Operation type  =           floating point
 Verification    =               SUCCESSFUL
 Version         =                    3.3.1
 Compile date    =              29 Mar 2023

 Compile options:
    F77          = mpiifort
    FLINK        = $(F77)
    F_LIB        = (none)
    F_INC        = (none)
    FFLAGS       = -O3 -qopenmp
    FLINKFLAGS   = -O3 -qopenmp
    RAND         = (none)


 Please send all errors/feedbacks to:

 NPB Development Team
 npb@nas.nasa.gov




 NAS Parallel Benchmarks (NPB3.3-MZ-MPI) - BT-MZ MPI+OpenMP Benchmark

 Number of zones:  32 x  32
 Iterations: 250    dt:   0.000020
 Number of active processes:   192

 Use the default load factors with threads
 Total number of threads:    384  (  2.0 threads/process)

 Calculated speedup =    374.33

 Time step    1
 Time step   20
 Time step   40
 Time step   60
 Time step   80
 Time step  100
 Time step  120
 Time step  140
 Time step  160
 Time step  180
 Time step  200
 Time step  220
 Time step  240
 Verification being performed for class D
 accuracy setting for epsilon =  0.1000000000000E-07
 Comparison of RMS-norms of residual
           1 0.4250417034981E+08 0.4250417034981E+08 0.1945725418123E-13
           2 0.4293882192175E+07 0.4293882192175E+07 0.1045435018647E-12
           3 0.9121841878270E+07 0.9121841878270E+07 0.3328397525152E-13
           4 0.6201357771439E+07 0.6201357771439E+07 0.1231479523246E-13
           5 0.3474801891304E+08 0.3474801891304E+08 0.4652858033658E-13
 Comparison of RMS-norms of solution error
           1 0.9462418484583E+06 0.9462418484583E+06 0.2079192483487E-13
           2 0.7884728947105E+05 0.7884728947105E+05 0.2214698614396E-13
           3 0.1902874461259E+06 0.1902874461259E+06 0.1237338527520E-12
           4 0.1361858029909E+06 0.1361858029909E+06 0.6475315660458E-13
           5 0.9816489456253E+06 0.9816489456253E+06 0.4577635867227E-13
 Verification Successful


 BT-MZ Benchmark Completed.
 Class           =                        D
 Size            =           1632x 1216x 34
 Iterations      =                      250
 Time in seconds =                    49.85
 Total processes =                      192
 Total threads   =                      384
 Mop/s total     =               1033072.01
 Mop/s/thread    =                  2690.29
 Operation type  =           floating point
 Verification    =               SUCCESSFUL
 Version         =                    3.3.1
 Compile date    =              29 Mar 2023

 Compile options:
    F77          = mpiifort
    FLINK        = $(F77)
    F_LIB        = (none)
    F_INC        = (none)
    FFLAGS       = -O3 -qopenmp
    FLINKFLAGS   = -O3 -qopenmp
    RAND         = (none)


 Please send all errors/feedbacks to:

 NPB Development Team
 npb@nas.nasa.gov




 NAS Parallel Benchmarks (NPB3.3-MZ-MPI) - BT-MZ MPI+OpenMP Benchmark

 Number of zones:  32 x  32
 Iterations: 250    dt:   0.000020
 Number of active processes:   384

 Use the default load factors with threads
 Total number of threads:    384  (  1.0 threads/process)

 Calculated speedup =    277.40

 Time step    1
 Time step   20
 Time step   40
 Time step   60
 Time step   80
 Time step  100
 Time step  120
 Time step  140
 Time step  160
 Time step  180
 Time step  200
 Time step  220
 Time step  240
 Verification being performed for class D
 accuracy setting for epsilon =  0.1000000000000E-07
 Comparison of RMS-norms of residual
           1 0.4250417034981E+08 0.4250417034981E+08 0.1945725418123E-13
           2 0.4293882192175E+07 0.4293882192175E+07 0.1045435018647E-12
           3 0.9121841878270E+07 0.9121841878270E+07 0.3307977908434E-13
           4 0.6201357771439E+07 0.6201357771439E+07 0.1216461480279E-13
           5 0.3474801891304E+08 0.3474801891304E+08 0.4652858033658E-13
 Comparison of RMS-norms of solution error
           1 0.9462418484583E+06 0.9462418484583E+06 0.2079192483487E-13
           2 0.7884728947105E+05 0.7884728947105E+05 0.2214698614396E-13
           3 0.1902874461259E+06 0.1902874461259E+06 0.1234279594201E-12
           4 0.1361858029909E+06 0.1361858029909E+06 0.6496686339205E-13
           5 0.9816489456253E+06 0.9816489456253E+06 0.4577635867227E-13
 Verification Successful


 BT-MZ Benchmark Completed.
 Class           =                        D
 Size            =           1632x 1216x 34
 Iterations      =                      250
 Time in seconds =                    67.47
 Total processes =                      384
 Total threads   =                      384
 Mop/s total     =                763217.81
 Mop/s/thread    =                  1987.55
 Operation type  =           floating point
 Verification    =               SUCCESSFUL
 Version         =                    3.3.1
 Compile date    =              29 Mar 2023

 Compile options:
    F77          = mpiifort
    FLINK        = $(F77)
    F_LIB        = (none)
    F_INC        = (none)
    FFLAGS       = -O3 -qopenmp
    FLINKFLAGS   = -O3 -qopenmp
    RAND         = (none)


 Please send all errors/feedbacks to:

 NPB Development Team
 npb@nas.nasa.gov


